Tue Nov 15 08:30:33 EST 2016: VOC_OMIMObsolete.sql
Tue Nov 15 08:30:34 EST 2016: ALL_OMIMNoMP.py
MGI:3814588|OMIM:190685
['J:140647']
Tue Nov 15 08:30:37 EST 2016: ALL_Progress.py
Tue Nov 22 14:30:56 EST 2016: VOC_OMIMObsolete.sql
Tue Nov 22 14:30:57 EST 2016: ALL_OMIMNoMP.py
MGI:3814588|OMIM:190685
['J:140647']
Tue Nov 22 14:31:00 EST 2016: ALL_Progress.py
Wed Nov 30 07:48:05 EST 2016: VOC_OMIMObsolete.sql
Wed Nov 30 07:48:05 EST 2016: ALL_OMIMNoMP.py
MGI:3814588|OMIM:190685
['J:140647']
Wed Nov 30 07:48:09 EST 2016: ALL_Progress.py
Mon Dec 5 08:44:10 EST 2016: VOC_OMIMObsolete.sql
Mon Dec 5 08:44:10 EST 2016: ALL_OMIMNoMP.py
MGI:3814588|OMIM:190685
['J:140647']
Mon Dec 5 08:44:14 EST 2016: ALL_Progress.py
Wed Dec 7 08:38:15 EST 2016: VOC_OMIMObsolete.sql
Wed Dec 7 08:38:15 EST 2016: ALL_OMIMNoMP.py
MGI:3814588|OMIM:190685
['J:140647']
Wed Dec 7 08:38:19 EST 2016: ALL_Progress.py
Mon Dec 12 10:02:08 EST 2016: VOC_OMIMObsolete.sql
Mon Dec 12 10:02:08 EST 2016: ALL_OMIMNoMP.py
MGI:3814588|OMIM:190685
['J:140647']
Mon Dec 12 10:02:13 EST 2016: ALL_Progress.py
Thu Dec 15 10:19:11 EST 2016: VOC_OMIMObsolete.sql
Thu Dec 15 10:19:13 EST 2016: ALL_OMIMNoMP.py
MGI:3814588|OMIM:190685
['J:140647']
Thu Dec 15 10:19:18 EST 2016: ALL_Progress.py
