Tue Nov 15 08:27:36 EST 2016: MRK_GOUnknown.sql
Tue Nov 15 08:27:47 EST 2016: MRK_Reserved.sql
Tue Nov 15 08:27:48 EST 2016: GO_Combined_Report.py
Tue Nov 15 08:30:14 EST 2016: MRK_GOIEA.py
Tue Nov 15 08:30:20 EST 2016: MRK_QTL.py
Tue Nov 15 08:30:23 EST 2016: HMD_SymbolDiffs.py
Tue Nov 22 14:27:42 EST 2016: MRK_GOUnknown.sql
Tue Nov 22 14:28:06 EST 2016: MRK_Reserved.sql
Tue Nov 22 14:28:08 EST 2016: GO_Combined_Report.py
Tue Nov 22 14:30:28 EST 2016: MRK_GOIEA.py
Tue Nov 22 14:30:34 EST 2016: MRK_QTL.py
Tue Nov 22 14:30:41 EST 2016: HMD_SymbolDiffs.py
Wed Nov 30 07:44:48 EST 2016: MRK_GOUnknown.sql
Wed Nov 30 07:45:09 EST 2016: MRK_Reserved.sql
Wed Nov 30 07:45:11 EST 2016: GO_Combined_Report.py
Wed Nov 30 07:47:40 EST 2016: MRK_GOIEA.py
Wed Nov 30 07:47:46 EST 2016: MRK_QTL.py
Wed Nov 30 07:47:51 EST 2016: HMD_SymbolDiffs.py
Mon Dec 5 08:40:45 EST 2016: MRK_GOUnknown.sql
Mon Dec 5 08:41:16 EST 2016: MRK_Reserved.sql
Mon Dec 5 08:41:17 EST 2016: GO_Combined_Report.py
Mon Dec 5 08:43:42 EST 2016: MRK_GOIEA.py
Mon Dec 5 08:43:49 EST 2016: MRK_QTL.py
Mon Dec 5 08:43:55 EST 2016: HMD_SymbolDiffs.py
Wed Dec 7 08:34:59 EST 2016: MRK_GOUnknown.sql
Wed Dec 7 08:35:21 EST 2016: MRK_Reserved.sql
Wed Dec 7 08:35:22 EST 2016: GO_Combined_Report.py
Wed Dec 7 08:37:49 EST 2016: MRK_GOIEA.py
Wed Dec 7 08:37:54 EST 2016: MRK_QTL.py
Wed Dec 7 08:37:59 EST 2016: HMD_SymbolDiffs.py
Mon Dec 12 09:55:44 EST 2016: MRK_GOUnknown.sql
Mon Dec 12 09:55:59 EST 2016: MRK_Reserved.sql
Mon Dec 12 09:56:00 EST 2016: GO_Combined_Report.py
Mon Dec 12 10:00:46 EST 2016: MRK_GOIEA.py
Mon Dec 12 10:01:02 EST 2016: MRK_QTL.py
Mon Dec 12 10:01:33 EST 2016: HMD_SymbolDiffs.py
Thu Dec 15 10:09:58 EST 2016: MRK_GOUnknown.sql
Thu Dec 15 10:13:04 EST 2016: MRK_Reserved.sql
Thu Dec 15 10:13:07 EST 2016: GO_Combined_Report.py
Thu Dec 15 10:17:56 EST 2016: MRK_GOIEA.py
Thu Dec 15 10:18:13 EST 2016: MRK_QTL.py
Thu Dec 15 10:18:41 EST 2016: HMD_SymbolDiffs.py
